{
  "RSpec": {
    "coverage": {
      "/web/app/helpers/application_helper.rb": {
        "lines": [
          1,
          null
        ]
      },
      "/web/app/controllers/api/v1/stops_controller.rb": {
        "lines": [
          1,
          1,
          1,
          1,
          2,
          1,
          null,
          null,
          1,
          null,
          1,
          null,
          null,
          null,
          null,
          1,
          null,
          1,
          3,
          null,
          null,
          null,
          null
        ]
      },
      "/web/app/controllers/api/base_controller.rb": {
        "lines": [
          1,
          1,
          null,
          null
        ]
      },
      "/web/app/controllers/stops_controller.rb": {
        "lines": [
          1,
          1,
          null,
          1,
          2,
          2,
          1,
          null,
          1,
          null,
          2,
          null,
          null
        ]
      },
      "/web/app/controllers/application_controller.rb": {
        "lines": [
          1,
          1,
          null,
          1,
          2,
          null,
          null
        ]
      },
      "/web/app/models/stop.rb": {
        "lines": [
          1,
          1,
          1,
          null,
          1,
          2,
          null,
          null,
          null,
          null,
          null,
          null
        ]
      },
      "/web/app/models/application_record.rb": {
        "lines": [
          1,
          1,
          null
        ]
      },
      "/web/app/serializers/stop_serializer.rb": {
        "lines": [
          1,
          1,
          1,
          null
        ]
      },
      "/web/app/services/stops/create_service.rb": {
        "lines": [
          1,
          null,
          1,
          1,
          1,
          2,
          2,
          2,
          null,
          null,
          1,
          2,
          null,
          2,
          2,
          1,
          null,
          1,
          1,
          null,
          null,
          2,
          null,
          null,
          1,
          null,
          1,
          2,
          2,
          23,
          null,
          null,
          null,
          null,
          null,
          1,
          23,
          null,
          null,
          null
        ]
      },
      "/web/app/mailers/application_mailer.rb": {
        "lines": [
          0,
          0,
          0,
          0
        ],
        "branches": {
        }
      },
      "/web/app/channels/application_cable/channel.rb": {
        "lines": [
          0,
          0,
          0,
          0
        ],
        "branches": {
        }
      },
      "/web/app/channels/application_cable/connection.rb": {
        "lines": [
          0,
          0,
          0,
          0
        ],
        "branches": {
        }
      },
      "/web/app/jobs/application_job.rb": {
        "lines": [
          0,
          null,
          null,
          null,
          null,
          null,
          0
        ],
        "branches": {
        }
      },
      "/web/app/controllers/welcome_controller.rb": {
        "lines": [
          0,
          0,
          0
        ],
        "branches": {
        }
      }
    },
    "timestamp": 1590587902
  }
}
